<?xml version="1.0" encoding="utf-8"?>
<SegmentDefinition>
  <url value="http://hl7.org/v2plus/SegmentDefinition/test-code-detail-segment"/>
  <name value="Test Code Detail Segment"/>
  <withdrawn value="false"/>
  <abbreviation value="TCD"/>
  <description>
    <status value="additional"/>
    <div>
      <description>
        <status value="additional"/>
        <div>
          <p>The test code detail segment contains the data necessary to perform operations or calculations, or execute decisions by the laboratory automation system, and which are not supported by the original HL7 segments related to orders (ORC, OBR). For detail of use see messages of laboratory orders and observations in chapters 4 and 7.</p>
          <p>HL7 Attribute Table – TCD – Test Code Detail</p>
        </div>
      </description>
    </div>
  </description>
  <field>
    <sequenceNumber value="1"/>
    <mustSupport value="true"/>
    <minCardinality value="1">
      <maxCardinality value="1">
        <dataElement value="https://www.hl7.org/v2plus/DataElementDefinition/00238"/>
      </maxCardinality>
    </minCardinality>
  </field>
  <field>
    <sequenceNumber value="2"/>
    <mustSupport value="false"/>
    <minCardinality value="0">
      <maxCardinality value="1">
        <dataElement value="https://www.hl7.org/v2plus/DataElementDefinition/01420"/>
      </maxCardinality>
    </minCardinality>
  </field>
  <field>
    <sequenceNumber value="3"/>
    <mustSupport value="false"/>
    <minCardinality value="0">
      <maxCardinality value="1">
        <dataElement value="https://www.hl7.org/v2plus/DataElementDefinition/01421"/>
      </maxCardinality>
    </minCardinality>
  </field>
  <field>
    <sequenceNumber value="4"/>
    <mustSupport value="false"/>
    <minCardinality value="0">
      <maxCardinality value="1">
        <dataElement value="https://www.hl7.org/v2plus/DataElementDefinition/01422"/>
      </maxCardinality>
    </minCardinality>
  </field>
  <field>
    <sequenceNumber value="5"/>
    <mustSupport value="false"/>
    <minCardinality value="0">
      <maxCardinality value="1">
        <dataElement value="https://www.hl7.org/v2plus/DataElementDefinition/01413"/>
      </maxCardinality>
    </minCardinality>
  </field>
  <field>
    <sequenceNumber value="6"/>
    <mustSupport value="false"/>
    <minCardinality value="0">
      <maxCardinality value="1">
        <dataElement value="https://www.hl7.org/v2plus/DataElementDefinition/01416"/>
      </maxCardinality>
    </minCardinality>
  </field>
  <field>
    <sequenceNumber value="7"/>
    <mustSupport value="false"/>
    <minCardinality value="0">
      <maxCardinality value="1">
        <dataElement value="https://www.hl7.org/v2plus/DataElementDefinition/01424"/>
      </maxCardinality>
    </minCardinality>
  </field>
  <field>
    <sequenceNumber value="8"/>
    <mustSupport value="false"/>
    <minCardinality value="0">
      <maxCardinality value="1">
        <dataElement value="https://www.hl7.org/v2plus/DataElementDefinition/01425"/>
      </maxCardinality>
    </minCardinality>
  </field>
  <field>
    <sequenceNumber value="9"/>
    <mustSupport value="false"/>
    <minCardinality value="0">
      <maxCardinality value="1">
        <dataElement value="https://www.hl7.org/v2plus/DataElementDefinition/03490"/>
      </maxCardinality>
    </minCardinality>
  </field>
  <field>
    <sequenceNumber value="10"/>
    <mustSupport value="false"/>
    <minCardinality value="0">
      <maxCardinality value="1">
        <dataElement value="https://www.hl7.org/v2plus/DataElementDefinition/03493"/>
      </maxCardinality>
    </minCardinality>
  </field>
  <field>
    <sequenceNumber value="11"/>
    <mustSupport value="false"/>
    <minCardinality value="0">
      <maxCardinality value="1">
        <dataElement value="https://www.hl7.org/v2plus/DataElementDefinition/03494"/>
      </maxCardinality>
    </minCardinality>
  </field>
</SegmentDefinition>
