<?xml version="1.0" encoding="utf-8"?>
<SegmentDefinition>
  <url value="http://hl7.org/v2plus/SegmentDefinition/test-code-configuration-segment"/>
  <name value="Test Code Configuration Segment"/>
  <withdrawn value="false"/>
  <abbreviation value="TCC"/>
  <description>
    <status value="additional"/>
    <div>
      <description>
        <status value="additional"/>
        <div>
          <p>The test (e.g., analyte) code configuration segment is the data necessary to maintain and transmit information concerning the test entity codes that are being used throughout the "automated system."</p>
          <p>HL7 Attribute Table – TCC<span id="TCC" class="anchor"/> – Test Code Configuration</p>
        </div>
      </description>
    </div>
  </description>
  <field>
    <sequenceNumber value="1"/>
    <mustSupport value="true"/>
    <minCardinality value="1">
      <maxCardinality value="1">
        <dataElement value="https://www.hl7.org/v2plus/DataElementDefinition/00238"/>
      </maxCardinality>
    </minCardinality>
  </field>
  <field>
    <sequenceNumber value="2"/>
    <mustSupport value="true"/>
    <minCardinality value="1">
      <maxCardinality value="1">
        <dataElement value="https://www.hl7.org/v2plus/DataElementDefinition/01408"/>
      </maxCardinality>
    </minCardinality>
  </field>
  <field>
    <sequenceNumber value="3"/>
    <mustSupport value="false"/>
    <minCardinality value="0">
      <maxCardinality value="1">
        <dataElement value="https://www.hl7.org/v2plus/DataElementDefinition/00249"/>
      </maxCardinality>
    </minCardinality>
  </field>
  <field>
    <sequenceNumber value="4"/>
    <mustSupport value="false"/>
    <minCardinality value="0">
      <maxCardinality value="1">
        <dataElement value="https://www.hl7.org/v2plus/DataElementDefinition/01410"/>
      </maxCardinality>
    </minCardinality>
  </field>
  <field>
    <sequenceNumber value="5"/>
    <mustSupport value="false"/>
    <minCardinality value="0">
      <maxCardinality value="1">
        <dataElement value="https://www.hl7.org/v2plus/DataElementDefinition/01411"/>
      </maxCardinality>
    </minCardinality>
  </field>
  <field>
    <sequenceNumber value="6"/>
    <mustSupport value="false"/>
    <minCardinality value="0">
      <maxCardinality value="1">
        <dataElement value="https://www.hl7.org/v2plus/DataElementDefinition/01412"/>
      </maxCardinality>
    </minCardinality>
  </field>
  <field>
    <sequenceNumber value="7"/>
    <mustSupport value="false"/>
    <minCardinality value="0">
      <maxCardinality value="1">
        <dataElement value="https://www.hl7.org/v2plus/DataElementDefinition/01413"/>
      </maxCardinality>
    </minCardinality>
  </field>
  <field>
    <sequenceNumber value="8"/>
    <mustSupport value="false"/>
    <minCardinality value="0">
      <maxCardinality value="1">
        <dataElement value="https://www.hl7.org/v2plus/DataElementDefinition/01414"/>
      </maxCardinality>
    </minCardinality>
  </field>
  <field>
    <sequenceNumber value="9"/>
    <mustSupport value="false"/>
    <minCardinality value="0">
      <maxCardinality value="1">
        <dataElement value="https://www.hl7.org/v2plus/DataElementDefinition/01415"/>
      </maxCardinality>
    </minCardinality>
  </field>
  <field>
    <sequenceNumber value="10"/>
    <mustSupport value="false"/>
    <minCardinality value="0">
      <maxCardinality value="1">
        <dataElement value="https://www.hl7.org/v2plus/DataElementDefinition/01416"/>
      </maxCardinality>
    </minCardinality>
  </field>
  <field>
    <sequenceNumber value="11"/>
    <mustSupport value="false"/>
    <minCardinality value="0">
      <maxCardinality value="1">
        <dataElement value="https://www.hl7.org/v2plus/DataElementDefinition/01417"/>
      </maxCardinality>
    </minCardinality>
  </field>
  <field>
    <sequenceNumber value="12"/>
    <mustSupport value="false"/>
    <minCardinality value="0">
      <maxCardinality value="1">
        <dataElement value="https://www.hl7.org/v2plus/DataElementDefinition/01418"/>
      </maxCardinality>
    </minCardinality>
  </field>
  <field>
    <sequenceNumber value="13"/>
    <mustSupport value="false"/>
    <minCardinality value="0">
      <maxCardinality value="1">
        <dataElement value="https://www.hl7.org/v2plus/DataElementDefinition/00574"/>
      </maxCardinality>
    </minCardinality>
  </field>
  <field>
    <sequenceNumber value="14"/>
    <mustSupport value="false"/>
    <minCardinality value="0">
      <maxCardinality value="1">
        <dataElement value="https://www.hl7.org/v2plus/DataElementDefinition/01419"/>
      </maxCardinality>
    </minCardinality>
  </field>
  <field>
    <sequenceNumber value="15"/>
    <mustSupport value="false"/>
    <minCardinality value="0">
      <maxCardinality value="1">
        <dataElement value="https://www.hl7.org/v2plus/DataElementDefinition/03313"/>
      </maxCardinality>
    </minCardinality>
  </field>
</SegmentDefinition>
